[
  {
    "line": 2,
    "elements": [
      {
        "start_timestamp": "2023-01-23T06:47:58.425Z",
        "before": [
          {
            "result": {
              "duration": 2996900,
              "status": "passed"
            },
            "match": {
              "location": "stepDefintion.Test_Steps.beforeScenarioStart()"
            }
          },
          {
            "result": {
              "duration": 132144788300,
              "status": "passed"
            },
            "match": {
              "location": "stepDefintion.Test_Steps.beforeScenario()"
            }
          }
        ],
        "line": 13,
        "name": "Successful Login with Valid Credentials",
        "description": "",
        "id": "login-action-on-hms-portal;successful-login-with-valid-credentials;;2",
        "after": [
          {
            "result": {
              "duration": 235667700,
              "status": "passed"
            },
            "match": {
              "location": "stepDefintion.Test_Steps.afterScenario()"
            }
          },
          {
            "result": {
              "status": "passed"
            },
            "match": {
              "location": "stepDefintion.Test_Steps.afterScenarioFinish()"
            }
          }
        ],
        "type": "scenario",
        "keyword": "Scenario Outline",
        "steps": [
          {
            "result": {
              "status": "passed"
            },
            "line": 6,
            "name": "User is on HMS Portal Login Page",
            "match": {
              "location": "stepDefintion.Test_Steps.user_is_on_hms_portal_login_page()"
            },
            "keyword": "Given "
          },
          {
            "result": {
              "duration": 518260800,
              "status": "passed"
            },
            "line": 7,
            "name": "User enters \"admin@gmail.com\" and \"admin123\"",
            "match": {
              "arguments": [
                {
                  "val": "\"admin@gmail.com\"",
                  "offset": 12
                },
                {
                  "val": "\"admin123\"",
                  "offset": 34
                }
              ],
              "location": "stepDefintion.Test_Steps.user_enters_and(java.lang.String,java.lang.String)"
            },
            "keyword": "When "
          },
          {
            "result": {
              "duration": 286978700,
              "status": "passed"
            },
            "line": 8,
            "name": "User selects \"Admin\" as choose account",
            "match": {
              "arguments": [
                {
                  "val": "\"Admin\"",
                  "offset": 13
                }
              ],
              "location": "stepDefintion.Test_Steps.user_selects_as_choose_account(java.lang.String)"
            },
            "keyword": "And "
          },
          {
            "result": {
              "error_message": "org.openqa.selenium.InvalidSelectorException: invalid selector: Unable to locate an element with the xpath expression Login button because of the following error:\nSyntaxError: Failed to execute \u0027evaluate\u0027 on \u0027Document\u0027: The string \u0027Login button\u0027 is not a valid XPath expression.\n  (Session info: chrome\u003d109.0.5414.75)\nFor documentation on this error, please visit: https://selenium.dev/exceptions/#invalid_selector_exception\nBuild info: version: \u00274.7.2\u0027, revision: \u00274d4020c3b7\u0027\nSystem info: os.name: \u0027Windows 10\u0027, os.arch: \u0027amd64\u0027, os.version: \u002710.0\u0027, java.version: \u002715.0.2\u0027\nDriver info: org.openqa.selenium.chrome.ChromeDriver\nCommand: [8a07a1736aa70bb7aeb6f740d1785d96, findElement {using\u003dxpath, value\u003dLogin button}]\nCapabilities {acceptInsecureCerts: false, browserName: chrome, browserVersion: 109.0.5414.75, chrome: {chromedriverVersion: 109.0.5414.74 (e7c5703604da..., userDataDir: C:\\Users\\Sharayu\\AppData\\Lo...}, goog:chromeOptions: {debuggerAddress: localhost:56829}, networkConnectionEnabled: false, pageLoadStrategy: normal, platformName: WINDOWS, proxy: Proxy(), se:cdp: ws://localhost:56829/devtoo..., se:cdpVersion: 109.0.5414.75, setWindowRect: true, strictFileInteractability: false, timeouts: {implicit: 0, pageLoad: 300000, script: 30000}, unhandledPromptBehavior: dismiss and notify, webauthn:extension:credBlob: true, webauthn:extension:largeBlob: true, webauthn:virtualAuthenticators: true}\nSession ID: 8a07a1736aa70bb7aeb6f740d1785d96\r\n\tat java.base/jdk.internal.reflect.NativeConstructorAccessorImpl.newInstance0(Native Method)\r\n\tat java.base/jdk.internal.reflect.NativeConstructorAccessorImpl.newInstance(NativeConstructorAccessorImpl.java:64)\r\n\tat java.base/jdk.internal.reflect.DelegatingConstructorAccessorImpl.newInstance(DelegatingConstructorAccessorImpl.java:45)\r\n\tat java.base/java.lang.reflect.Constructor.newInstanceWithCaller(Constructor.java:500)\r\n\tat java.base/java.lang.reflect.Constructor.newInstance(Constructor.java:481)\r\n\tat org.openqa.selenium.remote.codec.w3c.W3CHttpResponseCodec.createException(W3CHttpResponseCodec.java:200)\r\n\tat org.openqa.selenium.remote.codec.w3c.W3CHttpResponseCodec.decode(W3CHttpResponseCodec.java:133)\r\n\tat org.openqa.selenium.remote.codec.w3c.W3CHttpResponseCodec.decode(W3CHttpResponseCodec.java:53)\r\n\tat org.openqa.selenium.remote.HttpCommandExecutor.execute(HttpCommandExecutor.java:184)\r\n\tat org.openqa.selenium.remote.service.DriverCommandExecutor.invokeExecute(DriverCommandExecutor.java:167)\r\n\tat org.openqa.selenium.remote.service.DriverCommandExecutor.execute(DriverCommandExecutor.java:142)\r\n\tat org.openqa.selenium.remote.RemoteWebDriver.execute(RemoteWebDriver.java:535)\r\n\tat org.openqa.selenium.remote.ElementLocation$ElementFinder$2.findElement(ElementLocation.java:162)\r\n\tat org.openqa.selenium.remote.ElementLocation.findElement(ElementLocation.java:60)\r\n\tat org.openqa.selenium.remote.RemoteWebDriver.findElement(RemoteWebDriver.java:351)\r\n\tat org.openqa.selenium.remote.RemoteWebDriver.findElement(RemoteWebDriver.java:343)\r\n\tat stepDefintion.Test_Steps.user_click_on(Test_Steps.java:83)\r\n\tat âœ½.User click on \"Login button\"(file:///D:/May_maven_cucumbmer/Features/Login_Test.feature:9)\r\n",
              "duration": 80809000,
              "status": "failed"
            },
            "line": 9,
            "name": "User click on \"Login button\"",
            "match": {
              "arguments": [
                {
                  "val": "\"Login button\"",
                  "offset": 14
                }
              ],
              "location": "stepDefintion.Test_Steps.user_click_on(java.lang.String)"
            },
            "keyword": "And "
          },
          {
            "result": {
              "status": "skipped"
            },
            "line": 10,
            "name": "Message displayed Login Successfully",
            "match": {
              "location": "stepDefintion.Test_Steps.message_displayed_login_successfully()"
            },
            "keyword": "Then "
          }
        ],
        "tags": [
          {
            "name": "@FunctionalTesting"
          },
          {
            "name": "@sanity"
          }
        ]
      },
      {
        "start_timestamp": "2023-01-23T06:50:11.921Z",
        "before": [
          {
            "result": {
              "status": "passed"
            },
            "match": {
              "location": "stepDefintion.Test_Steps.beforeScenarioStart()"
            }
          },
          {
            "result": {
              "error_message": "org.openqa.selenium.NoSuchWindowException: no such window: target window already closed\nfrom unknown error: web view not found\n  (Session info: chrome\u003d109.0.5414.75)\nBuild info: version: \u00274.7.2\u0027, revision: \u00274d4020c3b7\u0027\nSystem info: os.name: \u0027Windows 10\u0027, os.arch: \u0027amd64\u0027, os.version: \u002710.0\u0027, java.version: \u002715.0.2\u0027\nDriver info: org.openqa.selenium.chrome.ChromeDriver\nCommand: [045bb85d67395d76f614e42d4c5e34b1, getCurrentWindowHandle {}]\nCapabilities {acceptInsecureCerts: false, browserName: chrome, browserVersion: 109.0.5414.75, chrome: {chromedriverVersion: 109.0.5414.74 (e7c5703604da..., userDataDir: C:\\Users\\Sharayu\\AppData\\Lo...}, goog:chromeOptions: {debuggerAddress: localhost:56871}, networkConnectionEnabled: false, pageLoadStrategy: normal, platformName: WINDOWS, proxy: Proxy(), se:cdp: ws://localhost:56871/devtoo..., se:cdpVersion: 109.0.5414.75, setWindowRect: true, strictFileInteractability: false, timeouts: {implicit: 0, pageLoad: 300000, script: 30000}, unhandledPromptBehavior: dismiss and notify, webauthn:extension:credBlob: true, webauthn:extension:largeBlob: true, webauthn:virtualAuthenticators: true}\nSession ID: 045bb85d67395d76f614e42d4c5e34b1\r\n\tat java.base/jdk.internal.reflect.NativeConstructorAccessorImpl.newInstance0(Native Method)\r\n\tat java.base/jdk.internal.reflect.NativeConstructorAccessorImpl.newInstance(NativeConstructorAccessorImpl.java:64)\r\n\tat java.base/jdk.internal.reflect.DelegatingConstructorAccessorImpl.newInstance(DelegatingConstructorAccessorImpl.java:45)\r\n\tat java.base/java.lang.reflect.Constructor.newInstanceWithCaller(Constructor.java:500)\r\n\tat java.base/java.lang.reflect.Constructor.newInstance(Constructor.java:481)\r\n\tat org.openqa.selenium.remote.codec.w3c.W3CHttpResponseCodec.createException(W3CHttpResponseCodec.java:200)\r\n\tat org.openqa.selenium.remote.codec.w3c.W3CHttpResponseCodec.decode(W3CHttpResponseCodec.java:133)\r\n\tat org.openqa.selenium.remote.codec.w3c.W3CHttpResponseCodec.decode(W3CHttpResponseCodec.java:53)\r\n\tat org.openqa.selenium.remote.HttpCommandExecutor.execute(HttpCommandExecutor.java:184)\r\n\tat org.openqa.selenium.remote.service.DriverCommandExecutor.invokeExecute(DriverCommandExecutor.java:167)\r\n\tat org.openqa.selenium.remote.service.DriverCommandExecutor.execute(DriverCommandExecutor.java:142)\r\n\tat org.openqa.selenium.remote.RemoteWebDriver.execute(RemoteWebDriver.java:535)\r\n\tat org.openqa.selenium.remote.RemoteWebDriver.execute(RemoteWebDriver.java:590)\r\n\tat org.openqa.selenium.remote.RemoteWebDriver.execute(RemoteWebDriver.java:594)\r\n\tat org.openqa.selenium.remote.RemoteWebDriver.getWindowHandle(RemoteWebDriver.java:459)\r\n\tat stepDefintion.Test_Steps.beforeScenario(Test_Steps.java:33)\r\n",
              "duration": 123062285400,
              "status": "failed"
            },
            "match": {
              "location": "stepDefintion.Test_Steps.beforeScenario()"
            }
          }
        ],
        "line": 14,
        "name": "Successful Login with Valid Credentials",
        "description": "",
        "id": "login-action-on-hms-portal;successful-login-with-valid-credentials;;3",
        "after": [
          {
            "result": {
              "error_message": "org.openqa.selenium.NoSuchWindowException: no such window: target window already closed\nfrom unknown error: web view not found\n  (Session info: chrome\u003d109.0.5414.75)\nBuild info: version: \u00274.7.2\u0027, revision: \u00274d4020c3b7\u0027\nSystem info: os.name: \u0027Windows 10\u0027, os.arch: \u0027amd64\u0027, os.version: \u002710.0\u0027, java.version: \u002715.0.2\u0027\nDriver info: org.openqa.selenium.chrome.ChromeDriver\nCommand: [045bb85d67395d76f614e42d4c5e34b1, close {}]\nCapabilities {acceptInsecureCerts: false, browserName: chrome, browserVersion: 109.0.5414.75, chrome: {chromedriverVersion: 109.0.5414.74 (e7c5703604da..., userDataDir: C:\\Users\\Sharayu\\AppData\\Lo...}, goog:chromeOptions: {debuggerAddress: localhost:56871}, networkConnectionEnabled: false, pageLoadStrategy: normal, platformName: WINDOWS, proxy: Proxy(), se:cdp: ws://localhost:56871/devtoo..., se:cdpVersion: 109.0.5414.75, setWindowRect: true, strictFileInteractability: false, timeouts: {implicit: 0, pageLoad: 300000, script: 30000}, unhandledPromptBehavior: dismiss and notify, webauthn:extension:credBlob: true, webauthn:extension:largeBlob: true, webauthn:virtualAuthenticators: true}\nSession ID: 045bb85d67395d76f614e42d4c5e34b1\r\n\tat java.base/jdk.internal.reflect.NativeConstructorAccessorImpl.newInstance0(Native Method)\r\n\tat java.base/jdk.internal.reflect.NativeConstructorAccessorImpl.newInstance(NativeConstructorAccessorImpl.java:64)\r\n\tat java.base/jdk.internal.reflect.DelegatingConstructorAccessorImpl.newInstance(DelegatingConstructorAccessorImpl.java:45)\r\n\tat java.base/java.lang.reflect.Constructor.newInstanceWithCaller(Constructor.java:500)\r\n\tat java.base/java.lang.reflect.Constructor.newInstance(Constructor.java:481)\r\n\tat org.openqa.selenium.remote.codec.w3c.W3CHttpResponseCodec.createException(W3CHttpResponseCodec.java:200)\r\n\tat org.openqa.selenium.remote.codec.w3c.W3CHttpResponseCodec.decode(W3CHttpResponseCodec.java:133)\r\n\tat org.openqa.selenium.remote.codec.w3c.W3CHttpResponseCodec.decode(W3CHttpResponseCodec.java:53)\r\n\tat org.openqa.selenium.remote.HttpCommandExecutor.execute(HttpCommandExecutor.java:184)\r\n\tat org.openqa.selenium.remote.service.DriverCommandExecutor.invokeExecute(DriverCommandExecutor.java:167)\r\n\tat org.openqa.selenium.remote.service.DriverCommandExecutor.execute(DriverCommandExecutor.java:142)\r\n\tat org.openqa.selenium.remote.RemoteWebDriver.execute(RemoteWebDriver.java:535)\r\n\tat org.openqa.selenium.remote.RemoteWebDriver.execute(RemoteWebDriver.java:590)\r\n\tat org.openqa.selenium.remote.RemoteWebDriver.execute(RemoteWebDriver.java:594)\r\n\tat org.openqa.selenium.remote.RemoteWebDriver.close(RemoteWebDriver.java:418)\r\n\tat stepDefintion.Test_Steps.afterScenario(Test_Steps.java:58)\r\n",
              "duration": 38121600,
              "status": "failed"
            },
            "match": {
              "location": "stepDefintion.Test_Steps.afterScenario()"
            }
          },
          {
            "result": {
              "status": "passed"
            },
            "match": {
              "location": "stepDefintion.Test_Steps.afterScenarioFinish()"
            }
          }
        ],
        "type": "scenario",
        "keyword": "Scenario Outline",
        "steps": [
          {
            "result": {
              "duration": 646400,
              "status": "skipped"
            },
            "line": 6,
            "name": "User is on HMS Portal Login Page",
            "match": {
              "location": "stepDefintion.Test_Steps.user_is_on_hms_portal_login_page()"
            },
            "keyword": "Given "
          },
          {
            "result": {
              "status": "skipped"
            },
            "line": 7,
            "name": "User enters \"pharmacy@gmail.com\" and \"pharmacy123\"",
            "match": {
              "arguments": [
                {
                  "val": "\"pharmacy@gmail.com\"",
                  "offset": 12
                },
                {
                  "val": "\"pharmacy123\"",
                  "offset": 37
                }
              ],
              "location": "stepDefintion.Test_Steps.user_enters_and(java.lang.String,java.lang.String)"
            },
            "keyword": "When "
          },
          {
            "result": {
              "duration": 2027500,
              "status": "skipped"
            },
            "line": 8,
            "name": "User selects \"Pharmacy\" as choose account",
            "match": {
              "arguments": [
                {
                  "val": "\"Pharmacy\"",
                  "offset": 13
                }
              ],
              "location": "stepDefintion.Test_Steps.user_selects_as_choose_account(java.lang.String)"
            },
            "keyword": "And "
          },
          {
            "result": {
              "status": "skipped"
            },
            "line": 9,
            "name": "User click on \"Login button\"",
            "match": {
              "arguments": [
                {
                  "val": "\"Login button\"",
                  "offset": 14
                }
              ],
              "location": "stepDefintion.Test_Steps.user_click_on(java.lang.String)"
            },
            "keyword": "And "
          },
          {
            "result": {
              "duration": 3267100,
              "status": "skipped"
            },
            "line": 10,
            "name": "Message displayed Login Successfully",
            "match": {
              "location": "stepDefintion.Test_Steps.message_displayed_login_successfully()"
            },
            "keyword": "Then "
          }
        ],
        "tags": [
          {
            "name": "@FunctionalTesting"
          },
          {
            "name": "@sanity"
          }
        ]
      }
    ],
    "name": "Login Action on HMS Portal",
    "description": "",
    "id": "login-action-on-hms-portal",
    "keyword": "Feature",
    "uri": "file:Features/Login_Test.feature",
    "tags": [
      {
        "name": "@FunctionalTesting",
        "type": "Tag",
        "location": {
          "line": 1,
          "column": 1
        }
      }
    ]
  }
]